[debug] [2025-09-18T17:41:59.635Z] [Firebase Plugin] Activating Firebase extension.
[debug] [2025-09-18T17:42:06.864Z] [Firebase Plugin] requireAuthWrapper
[debug] [2025-09-18T17:42:06.865Z] > command requires scopes: ["email","openid","https://www.googleapis.com/auth/cloudplatformprojects.readonly","https://www.googleapis.com/auth/firebase","https://www.googleapis.com/auth/cloud-platform","https://www.googleapis.com/auth/userinfo.email"]
[debug] [2025-09-18T17:42:06.880Z] [Firebase Plugin] VSCode notification server listening on port 40001
[info] [Firebase Plugin] Starting Data Connect toolkit (version 2.13.0) on port 50001
[info] i  dataconnect: downloading dataconnect-emulator-2.13.0... {"metadata":{"emulator":{"name":"dataconnect"},"message":"downloading dataconnect-emulator-2.13.0..."}}
[debug] [2025-09-18T17:42:08.040Z] >>> [apiv2][query] GET https://storage.googleapis.com/firemat-preview-drop/emulator/dataconnect-emulator-linux-v2.13.0 
[debug] [2025-09-18T17:42:08.305Z] [Firebase Plugin] Value of process.env.MONOSPACE_ENV: true
[debug] [2025-09-18T17:42:08.311Z] [Firebase Plugin] requireAuthWrapper
[debug] [2025-09-18T17:42:08.312Z] > command requires scopes: ["email","openid","https://www.googleapis.com/auth/cloudplatformprojects.readonly","https://www.googleapis.com/auth/firebase","https://www.googleapis.com/auth/cloud-platform","https://www.googleapis.com/auth/userinfo.email"]
[debug] [2025-09-18T17:42:08.319Z] [Firebase Plugin] Value of process.env.MONOSPACE_ENV: true
[debug] [2025-09-18T17:42:08.325Z] [Firebase Plugin] requireAuthWrapper
[debug] [2025-09-18T17:42:08.326Z] > command requires scopes: ["email","openid","https://www.googleapis.com/auth/cloudplatformprojects.readonly","https://www.googleapis.com/auth/firebase","https://www.googleapis.com/auth/cloud-platform","https://www.googleapis.com/auth/userinfo.email"]
[debug] [2025-09-18T17:42:08.334Z] Emulator locator file path: /tmp/hub-studio-9708419441-38785.json
[debug] [2025-09-18T17:42:09.014Z] <<< [apiv2][status] GET https://storage.googleapis.com/firemat-preview-drop/emulator/dataconnect-emulator-linux-v2.13.0 200
[debug] [2025-09-18T17:42:09.015Z] <<< [apiv2][body] GET https://storage.googleapis.com/firemat-preview-drop/emulator/dataconnect-emulator-linux-v2.13.0 [stream]
[debug] [2025-09-18T17:42:11.200Z] 'fdc build' failed with error: Unable to build your Data Connect schema and connectors (exit code 1): E0918 17:42:11.197817    6123 cmd.go:43] Error loading data connect config: could not find dataconnect.yaml in `/home/user/studio/dataconnect`
 {"metadata":{"emulator":{"name":"dataconnect"},"message":"'fdc build' failed with error: Unable to build your Data Connect schema and connectors (exit code 1): E0918 17:42:11.197817    6123 cmd.go:43] Error loading data connect config: could not find dataconnect.yaml in `/home/user/studio/dataconnect`\n"}}
[debug] [2025-09-18T17:42:11.201Z] Ignoring unsupported arg: auto_download {"metadata":{"emulator":{"name":"dataconnect"},"message":"Ignoring unsupported arg: auto_download"}}
[debug] [2025-09-18T17:42:11.202Z] Ignoring unsupported arg: port {"metadata":{"emulator":{"name":"dataconnect"},"message":"Ignoring unsupported arg: port"}}
[debug] [2025-09-18T17:42:11.202Z] Starting Data Connect Emulator with command {"binary":"/home/user/.cache/firebase/emulators/dataconnect-emulator-2.13.0","args":["--logtostderr","-v=2","dev","--listen=localhost:50001","--config_dir=/home/user/studio/dataconnect","--enable_output_schema_extensions=true","--enable_output_generated_sdk=true"],"optionalArgs":["listen","config_dir","enable_output_schema_extensions","enable_output_generated_sdk"],"joinArgs":true,"shell":false,"port":9399} {"metadata":{"emulator":{"name":"dataconnect"},"message":"Starting Data Connect Emulator with command {\"binary\":\"/home/user/.cache/firebase/emulators/dataconnect-emulator-2.13.0\",\"args\":[\"--logtostderr\",\"-v=2\",\"dev\",\"--listen=localhost:50001\",\"--config_dir=/home/user/studio/dataconnect\",\"--enable_output_schema_extensions=true\",\"--enable_output_generated_sdk=true\"],\"optionalArgs\":[\"listen\",\"config_dir\",\"enable_output_schema_extensions\",\"enable_output_generated_sdk\"],\"joinArgs\":true,\"shell\":false,\"port\":9399}"}}
[info] i  dataconnect: Data Connect Emulator logging to dataconnect-debug.log {"metadata":{"emulator":{"name":"dataconnect"},"message":"Data Connect Emulator logging to dataconnect-debug.log"}}
[debug] [2025-09-18T17:42:11.257Z] E0918 17:42:11.256729    6128 dev.go:79] Failed to load initial config from "/home/user/studio/dataconnect": could not find dataconnect.yaml in `/home/user/studio/dataconnect`
 {"metadata":{"emulator":{"name":"dataconnect"},"message":"E0918 17:42:11.256729    6128 dev.go:79] Failed to load initial config from \"/home/user/studio/dataconnect\": could not find dataconnect.yaml in `/home/user/studio/dataconnect`\n"}}
[debug] [2025-09-18T17:42:11.259Z] E0918 17:42:11.258257    6128 watch.go:102] watchAllDir unable to walk dir `/home/user/studio/dataconnect`: lstat /home/user/studio/dataconnect: no such file or directory
 {"metadata":{"emulator":{"name":"dataconnect"},"message":"E0918 17:42:11.258257    6128 watch.go:102] watchAllDir unable to walk dir `/home/user/studio/dataconnect`: lstat /home/user/studio/dataconnect: no such file or directory\n"}}
[debug] [2025-09-18T17:42:11.273Z] I0918 17:42:11.272693    6128 dev.go:102] Listening on address (HTTP + gRPC): 127.0.0.1:50001
 {"metadata":{"emulator":{"name":"dataconnect"},"message":"I0918 17:42:11.272693    6128 dev.go:102] Listening on address (HTTP + gRPC): 127.0.0.1:50001\n"}}
[error] [Firebase Plugin] error:  {}
[debug] [2025-09-18T17:42:21.260Z] E0918 17:42:21.260453    6128 watch.go:31] Failed to load config from "/home/user/studio/dataconnect": could not find dataconnect.yaml in `/home/user/studio/dataconnect`
 {"metadata":{"emulator":{"name":"dataconnect"},"message":"E0918 17:42:21.260453    6128 watch.go:31] Failed to load config from \"/home/user/studio/dataconnect\": could not find dataconnect.yaml in `/home/user/studio/dataconnect`\n"}}
[debug] [2025-09-18T17:42:31.269Z] E0918 17:42:31.269502    6128 watch.go:31] Failed to load config from "/home/user/studio/dataconnect": could not find dataconnect.yaml in `/home/user/studio/dataconnect`
 {"metadata":{"emulator":{"name":"dataconnect"},"message":"E0918 17:42:31.269502    6128 watch.go:31] Failed to load config from \"/home/user/studio/dataconnect\": could not find dataconnect.yaml in `/home/user/studio/dataconnect`\n"}}
[debug] [2025-09-18T17:42:41.260Z] E0918 17:42:41.260547    6128 watch.go:31] Failed to load config from "/home/user/studio/dataconnect": could not find dataconnect.yaml in `/home/user/studio/dataconnect`
 {"metadata":{"emulator":{"name":"dataconnect"},"message":"E0918 17:42:41.260547    6128 watch.go:31] Failed to load config from \"/home/user/studio/dataconnect\": could not find dataconnect.yaml in `/home/user/studio/dataconnect`\n"}}
[debug] [2025-09-18T17:42:43.033Z] Running auto auth
[debug] [2025-09-18T17:42:43.034Z] Running auto auth
[debug] [2025-09-18T17:42:43.035Z] Running auto auth
[debug] [2025-09-18T17:42:43.050Z] No OAuth tokens found
[debug] [2025-09-18T17:42:43.051Z] [Firebase Plugin] User found:  shubhammorbale510@gmail.com
[info] [Firebase Plugin] (Core:Project) New user detected, fetching projects
[debug] [2025-09-18T17:42:43.052Z] No OAuth tokens found
[debug] [2025-09-18T17:42:43.053Z] >>> [apiv2][query] GET https://firebase.googleapis.com/v1beta1/projects pageSize=1000
[debug] [2025-09-18T17:42:43.096Z] No OAuth tokens found
[debug] [2025-09-18T17:42:43.096Z] [Firebase Plugin] User found:  shubhammorbale510@gmail.com
[info] [Firebase Plugin] (Core:Project) New user detected, fetching projects
[debug] [2025-09-18T17:42:43.097Z] No OAuth tokens found
[debug] [2025-09-18T17:42:43.097Z] >>> [apiv2][query] GET https://firebase.googleapis.com/v1beta1/projects pageSize=1000
[debug] [2025-09-18T17:42:43.132Z] No OAuth tokens found
[debug] [2025-09-18T17:42:43.133Z] [Firebase Plugin] User found:  shubhammorbale510@gmail.com
[info] [Firebase Plugin] (Core:Project) New user detected, fetching projects
[debug] [2025-09-18T17:42:43.133Z] No OAuth tokens found
[debug] [2025-09-18T17:42:43.134Z] >>> [apiv2][query] GET https://firebase.googleapis.com/v1beta1/projects pageSize=1000
[debug] [2025-09-18T17:42:43.607Z] <<< [apiv2][status] GET https://firebase.googleapis.com/v1beta1/projects 200
[debug] [2025-09-18T17:42:43.607Z] <<< [apiv2][body] GET https://firebase.googleapis.com/v1beta1/projects [omitted]
[debug] [2025-09-18T17:42:43.617Z] <<< [apiv2][status] GET https://firebase.googleapis.com/v1beta1/projects 200
[debug] [2025-09-18T17:42:43.618Z] <<< [apiv2][body] GET https://firebase.googleapis.com/v1beta1/projects [omitted]
[debug] [2025-09-18T17:42:43.674Z] <<< [apiv2][status] GET https://firebase.googleapis.com/v1beta1/projects 200
[debug] [2025-09-18T17:42:43.674Z] <<< [apiv2][body] GET https://firebase.googleapis.com/v1beta1/projects [omitted]
[debug] [2025-09-18T17:42:51.269Z] E0918 17:42:51.269500    6128 watch.go:31] Failed to load config from "/home/user/studio/dataconnect": could not find dataconnect.yaml in `/home/user/studio/dataconnect`
 {"metadata":{"emulator":{"name":"dataconnect"},"message":"E0918 17:42:51.269500    6128 watch.go:31] Failed to load config from \"/home/user/studio/dataconnect\": could not find dataconnect.yaml in `/home/user/studio/dataconnect`\n"}}
